2023-01-28 00:29:35 INFO  Benchmark_Timer - Begin run: ThreeSumQuadratic with 100 runs
2023-01-28 00:29:35 INFO  TimeLogger - Raw time per run (mSec):  .00
2023-01-28 00:29:35 INFO  TimeLogger - Normalized time per run (n^2):  .00
2023-01-28 00:29:35 INFO  Benchmark_Timer - Begin run: ThreeSumQuadrithmic with 100 runs
2023-01-28 00:29:35 INFO  TimeLogger - Raw time per run (mSec):  .00
2023-01-28 00:29:35 INFO  TimeLogger - Normalized time per run (n^2 log n):  .00
2023-01-28 00:29:35 INFO  Benchmark_Timer - Begin run: ThreeSumCubic with 100 runs
2023-01-28 00:29:35 INFO  TimeLogger - Raw time per run (mSec):  .00
2023-01-28 00:29:35 INFO  TimeLogger - Normalized time per run (n^3):  .00
2023-01-28 00:29:35 INFO  Benchmark_Timer - Begin run: ThreeSumQuadratic with 50 runs
2023-01-28 00:29:35 INFO  TimeLogger - Raw time per run (mSec):  .00
2023-01-28 00:29:35 INFO  TimeLogger - Normalized time per run (n^2):  .00
2023-01-28 00:29:35 INFO  Benchmark_Timer - Begin run: ThreeSumQuadrithmic with 50 runs
2023-01-28 00:29:35 INFO  TimeLogger - Raw time per run (mSec):  .00
2023-01-28 00:29:35 INFO  TimeLogger - Normalized time per run (n^2 log n):  .00
2023-01-28 00:29:35 INFO  Benchmark_Timer - Begin run: ThreeSumCubic with 50 runs
2023-01-28 00:29:35 INFO  TimeLogger - Raw time per run (mSec):  .00
2023-01-28 00:29:35 INFO  TimeLogger - Normalized time per run (n^3):  .00
2023-01-28 00:29:35 INFO  Benchmark_Timer - Begin run: ThreeSumQuadratic with 20 runs
2023-01-28 00:29:35 INFO  TimeLogger - Raw time per run (mSec):  .00
2023-01-28 00:29:35 INFO  TimeLogger - Normalized time per run (n^2):  .00
2023-01-28 00:29:35 INFO  Benchmark_Timer - Begin run: ThreeSumQuadrithmic with 20 runs
2023-01-28 00:29:35 INFO  TimeLogger - Raw time per run (mSec):  .00
2023-01-28 00:29:35 INFO  TimeLogger - Normalized time per run (n^2 log n):  .00
2023-01-28 00:29:35 INFO  Benchmark_Timer - Begin run: ThreeSumCubic with 20 runs
2023-01-28 00:29:35 INFO  TimeLogger - Raw time per run (mSec):  .00
2023-01-28 00:29:35 INFO  TimeLogger - Normalized time per run (n^3):  .00
2023-01-28 00:29:35 INFO  Benchmark_Timer - Begin run: ThreeSumQuadratic with 10 runs
2023-01-28 00:29:35 INFO  TimeLogger - Raw time per run (mSec):  .00
2023-01-28 00:29:35 INFO  TimeLogger - Normalized time per run (n^2):  .00
2023-01-28 00:29:35 INFO  Benchmark_Timer - Begin run: ThreeSumQuadrithmic with 10 runs
2023-01-28 00:29:35 INFO  TimeLogger - Raw time per run (mSec):  .00
2023-01-28 00:29:35 INFO  TimeLogger - Normalized time per run (n^2 log n):  .00
2023-01-28 00:29:35 INFO  Benchmark_Timer - Begin run: ThreeSumCubic with 10 runs
2023-01-28 00:29:35 INFO  TimeLogger - Raw time per run (mSec):  .00
2023-01-28 00:29:35 INFO  TimeLogger - Normalized time per run (n^3):  .00
2023-01-28 00:29:35 INFO  Benchmark_Timer - Begin run: ThreeSumQuadratic with 5 runs
2023-01-28 00:29:35 INFO  TimeLogger - Raw time per run (mSec):  .00
2023-01-28 00:29:35 INFO  TimeLogger - Normalized time per run (n^2):  .00
2023-01-28 00:29:35 INFO  Benchmark_Timer - Begin run: ThreeSumQuadrithmic with 5 runs
2023-01-28 00:29:35 INFO  TimeLogger - Raw time per run (mSec):  .00
2023-01-28 00:29:35 INFO  TimeLogger - Normalized time per run (n^2 log n):  .00
2023-01-28 00:29:35 INFO  Benchmark_Timer - Begin run: ThreeSumCubic with 5 runs
2023-01-28 00:29:35 INFO  TimeLogger - Raw time per run (mSec):  .00
2023-01-28 00:29:35 INFO  TimeLogger - Normalized time per run (n^3):  .00
2023-01-28 00:29:35 INFO  Benchmark_Timer - Begin run: ThreeSumQuadratic with 3 runs
2023-01-28 00:29:35 INFO  TimeLogger - Raw time per run (mSec):  .00
2023-01-28 00:29:35 INFO  TimeLogger - Normalized time per run (n^2):  .00
2023-01-28 00:29:35 INFO  Benchmark_Timer - Begin run: ThreeSumQuadrithmic with 3 runs
2023-01-28 00:29:35 INFO  TimeLogger - Raw time per run (mSec):  .00
2023-01-28 00:29:35 INFO  TimeLogger - Normalized time per run (n^2 log n):  .00
2023-01-28 00:29:35 INFO  Benchmark_Timer - Begin run: ThreeSumQuadratic with 2 runs
2023-01-28 00:29:35 INFO  TimeLogger - Raw time per run (mSec):  .00
2023-01-28 00:29:35 INFO  TimeLogger - Normalized time per run (n^2):  .00
2023-01-28 00:29:35 INFO  Benchmark_Timer - Begin run: ThreeSumQuadrithmic with 2 runs
2023-01-28 00:29:35 INFO  TimeLogger - Raw time per run (mSec):  .00
2023-01-28 00:29:35 INFO  TimeLogger - Normalized time per run (n^2 log n):  .00
2023-01-28 00:34:48 INFO  Benchmark_Timer - Begin run: ThreeSumQuadratic with 100 runs
2023-01-28 00:34:48 INFO  TimeLogger - Raw time per run (mSec):  .00
2023-01-28 00:34:48 INFO  TimeLogger - Normalized time per run (n^2):  .00
2023-01-28 00:34:48 INFO  Benchmark_Timer - Begin run: ThreeSumQuadrithmic with 100 runs
2023-01-28 00:34:48 INFO  TimeLogger - Raw time per run (mSec):  .00
2023-01-28 00:34:48 INFO  TimeLogger - Normalized time per run (n^2 log n):  .00
2023-01-28 00:34:48 INFO  Benchmark_Timer - Begin run: ThreeSumCubic with 100 runs
2023-01-28 00:34:48 INFO  TimeLogger - Raw time per run (mSec):  .00
2023-01-28 00:34:48 INFO  TimeLogger - Normalized time per run (n^3):  .00
2023-01-28 00:34:48 INFO  Benchmark_Timer - Begin run: ThreeSumQuadratic with 50 runs
2023-01-28 00:34:48 INFO  TimeLogger - Raw time per run (mSec):  .00
2023-01-28 00:34:48 INFO  TimeLogger - Normalized time per run (n^2):  .00
2023-01-28 00:34:48 INFO  Benchmark_Timer - Begin run: ThreeSumQuadrithmic with 50 runs
2023-01-28 00:34:48 INFO  TimeLogger - Raw time per run (mSec):  .00
2023-01-28 00:34:48 INFO  TimeLogger - Normalized time per run (n^2 log n):  .00
2023-01-28 00:34:48 INFO  Benchmark_Timer - Begin run: ThreeSumCubic with 50 runs
2023-01-28 00:34:48 INFO  TimeLogger - Raw time per run (mSec):  .00
2023-01-28 00:34:48 INFO  TimeLogger - Normalized time per run (n^3):  .00
2023-01-28 00:34:48 INFO  Benchmark_Timer - Begin run: ThreeSumQuadratic with 20 runs
2023-01-28 00:34:48 INFO  TimeLogger - Raw time per run (mSec):  .00
2023-01-28 00:34:48 INFO  TimeLogger - Normalized time per run (n^2):  .00
2023-01-28 00:34:48 INFO  Benchmark_Timer - Begin run: ThreeSumQuadrithmic with 20 runs
2023-01-28 00:34:48 INFO  TimeLogger - Raw time per run (mSec):  .00
2023-01-28 00:34:48 INFO  TimeLogger - Normalized time per run (n^2 log n):  .00
2023-01-28 00:34:48 INFO  Benchmark_Timer - Begin run: ThreeSumCubic with 20 runs
2023-01-28 00:34:48 INFO  TimeLogger - Raw time per run (mSec):  .00
2023-01-28 00:34:48 INFO  TimeLogger - Normalized time per run (n^3):  .00
2023-01-28 00:34:48 INFO  Benchmark_Timer - Begin run: ThreeSumQuadratic with 10 runs
2023-01-28 00:34:48 INFO  TimeLogger - Raw time per run (mSec):  .00
2023-01-28 00:34:48 INFO  TimeLogger - Normalized time per run (n^2):  .00
2023-01-28 00:34:48 INFO  Benchmark_Timer - Begin run: ThreeSumQuadrithmic with 10 runs
2023-01-28 00:34:48 INFO  TimeLogger - Raw time per run (mSec):  .00
2023-01-28 00:34:48 INFO  TimeLogger - Normalized time per run (n^2 log n):  .00
2023-01-28 00:34:48 INFO  Benchmark_Timer - Begin run: ThreeSumCubic with 10 runs
2023-01-28 00:34:48 INFO  TimeLogger - Raw time per run (mSec):  .00
2023-01-28 00:34:48 INFO  TimeLogger - Normalized time per run (n^3):  .00
2023-01-28 00:34:48 INFO  Benchmark_Timer - Begin run: ThreeSumQuadratic with 5 runs
2023-01-28 00:34:48 INFO  TimeLogger - Raw time per run (mSec):  .00
2023-01-28 00:34:48 INFO  TimeLogger - Normalized time per run (n^2):  .00
2023-01-28 00:34:48 INFO  Benchmark_Timer - Begin run: ThreeSumQuadrithmic with 5 runs
2023-01-28 00:34:48 INFO  TimeLogger - Raw time per run (mSec):  .00
2023-01-28 00:34:48 INFO  TimeLogger - Normalized time per run (n^2 log n):  .00
2023-01-28 00:34:48 INFO  Benchmark_Timer - Begin run: ThreeSumCubic with 5 runs
2023-01-28 00:34:48 INFO  TimeLogger - Raw time per run (mSec):  .00
2023-01-28 00:34:48 INFO  TimeLogger - Normalized time per run (n^3):  .00
2023-01-28 00:34:48 INFO  Benchmark_Timer - Begin run: ThreeSumQuadratic with 3 runs
2023-01-28 00:34:48 INFO  TimeLogger - Raw time per run (mSec):  .00
2023-01-28 00:34:48 INFO  TimeLogger - Normalized time per run (n^2):  .00
2023-01-28 00:34:48 INFO  Benchmark_Timer - Begin run: ThreeSumQuadrithmic with 3 runs
2023-01-28 00:34:48 INFO  TimeLogger - Raw time per run (mSec):  .00
2023-01-28 00:34:48 INFO  TimeLogger - Normalized time per run (n^2 log n):  .00
2023-01-28 00:34:48 INFO  Benchmark_Timer - Begin run: ThreeSumQuadratic with 2 runs
2023-01-28 00:34:48 INFO  TimeLogger - Raw time per run (mSec):  .00
2023-01-28 00:34:48 INFO  TimeLogger - Normalized time per run (n^2):  .00
2023-01-28 00:34:48 INFO  Benchmark_Timer - Begin run: ThreeSumQuadrithmic with 2 runs
2023-01-28 00:34:48 INFO  TimeLogger - Raw time per run (mSec):  .00
2023-01-28 00:34:48 INFO  TimeLogger - Normalized time per run (n^2 log n):  .00
2023-01-28 01:58:09 INFO  Benchmark_Timer - Begin run: ThreeSumQuadratic with 100 runs
2023-01-28 01:58:09 INFO  TimeLogger - Raw time per run (mSec):  .00
2023-01-28 01:58:09 INFO  TimeLogger - Normalized time per run (n^2):  .00
2023-01-28 01:58:09 INFO  Benchmark_Timer - Begin run: ThreeSumQuadrithmic with 100 runs
2023-01-28 01:58:09 INFO  TimeLogger - Raw time per run (mSec):  .00
2023-01-28 01:58:09 INFO  TimeLogger - Normalized time per run (n^2 log n):  .00
2023-01-28 01:58:09 INFO  Benchmark_Timer - Begin run: ThreeSumCubic with 100 runs
2023-01-28 01:58:09 INFO  TimeLogger - Raw time per run (mSec):  .00
2023-01-28 01:58:09 INFO  TimeLogger - Normalized time per run (n^3):  .00
2023-01-28 01:58:09 INFO  Benchmark_Timer - Begin run: ThreeSumQuadratic with 50 runs
2023-01-28 01:58:09 INFO  TimeLogger - Raw time per run (mSec):  .00
2023-01-28 01:58:09 INFO  TimeLogger - Normalized time per run (n^2):  .00
2023-01-28 01:58:09 INFO  Benchmark_Timer - Begin run: ThreeSumQuadrithmic with 50 runs
2023-01-28 01:58:09 INFO  TimeLogger - Raw time per run (mSec):  .00
2023-01-28 01:58:09 INFO  TimeLogger - Normalized time per run (n^2 log n):  .00
2023-01-28 01:58:09 INFO  Benchmark_Timer - Begin run: ThreeSumCubic with 50 runs
2023-01-28 01:58:09 INFO  TimeLogger - Raw time per run (mSec):  .00
2023-01-28 01:58:09 INFO  TimeLogger - Normalized time per run (n^3):  .00
2023-01-28 01:58:09 INFO  Benchmark_Timer - Begin run: ThreeSumQuadratic with 20 runs
2023-01-28 01:58:09 INFO  TimeLogger - Raw time per run (mSec):  .00
2023-01-28 01:58:09 INFO  TimeLogger - Normalized time per run (n^2):  .00
2023-01-28 01:58:09 INFO  Benchmark_Timer - Begin run: ThreeSumQuadrithmic with 20 runs
2023-01-28 01:58:09 INFO  TimeLogger - Raw time per run (mSec):  .00
2023-01-28 01:58:09 INFO  TimeLogger - Normalized time per run (n^2 log n):  .00
2023-01-28 01:58:09 INFO  Benchmark_Timer - Begin run: ThreeSumCubic with 20 runs
2023-01-28 01:58:09 INFO  TimeLogger - Raw time per run (mSec):  .00
2023-01-28 01:58:09 INFO  TimeLogger - Normalized time per run (n^3):  .00
2023-01-28 01:58:09 INFO  Benchmark_Timer - Begin run: ThreeSumQuadratic with 10 runs
2023-01-28 01:58:09 INFO  TimeLogger - Raw time per run (mSec):  .00
2023-01-28 01:58:09 INFO  TimeLogger - Normalized time per run (n^2):  .00
2023-01-28 01:58:09 INFO  Benchmark_Timer - Begin run: ThreeSumQuadrithmic with 10 runs
2023-01-28 01:58:09 INFO  TimeLogger - Raw time per run (mSec):  .00
2023-01-28 01:58:09 INFO  TimeLogger - Normalized time per run (n^2 log n):  .00
2023-01-28 01:58:09 INFO  Benchmark_Timer - Begin run: ThreeSumCubic with 10 runs
2023-01-28 01:58:09 INFO  TimeLogger - Raw time per run (mSec):  .00
2023-01-28 01:58:09 INFO  TimeLogger - Normalized time per run (n^3):  .00
2023-01-28 01:58:09 INFO  Benchmark_Timer - Begin run: ThreeSumQuadratic with 5 runs
2023-01-28 01:58:09 INFO  TimeLogger - Raw time per run (mSec):  .00
2023-01-28 01:58:09 INFO  TimeLogger - Normalized time per run (n^2):  .00
2023-01-28 01:58:09 INFO  Benchmark_Timer - Begin run: ThreeSumQuadrithmic with 5 runs
2023-01-28 01:58:09 INFO  TimeLogger - Raw time per run (mSec):  .00
2023-01-28 01:58:09 INFO  TimeLogger - Normalized time per run (n^2 log n):  .00
2023-01-28 01:58:09 INFO  Benchmark_Timer - Begin run: ThreeSumCubic with 5 runs
2023-01-28 01:58:09 INFO  TimeLogger - Raw time per run (mSec):  .00
2023-01-28 01:58:09 INFO  TimeLogger - Normalized time per run (n^3):  .00
2023-01-28 01:58:09 INFO  Benchmark_Timer - Begin run: ThreeSumQuadratic with 3 runs
2023-01-28 01:58:09 INFO  TimeLogger - Raw time per run (mSec):  .00
2023-01-28 01:58:09 INFO  TimeLogger - Normalized time per run (n^2):  .00
2023-01-28 01:58:09 INFO  Benchmark_Timer - Begin run: ThreeSumQuadrithmic with 3 runs
2023-01-28 01:58:09 INFO  TimeLogger - Raw time per run (mSec):  .00
2023-01-28 01:58:09 INFO  TimeLogger - Normalized time per run (n^2 log n):  .00
2023-01-28 01:58:09 INFO  Benchmark_Timer - Begin run: ThreeSumQuadratic with 2 runs
2023-01-28 01:58:09 INFO  TimeLogger - Raw time per run (mSec):  .00
2023-01-28 01:58:09 INFO  TimeLogger - Normalized time per run (n^2):  .00
2023-01-28 01:58:09 INFO  Benchmark_Timer - Begin run: ThreeSumQuadrithmic with 2 runs
2023-01-28 01:58:09 INFO  TimeLogger - Raw time per run (mSec):  .00
2023-01-28 01:58:09 INFO  TimeLogger - Normalized time per run (n^2 log n):  .00
2023-01-28 01:59:19 INFO  Benchmark_Timer - Begin run: ThreeSumQuadratic with 100 runs
2023-01-28 01:59:19 INFO  TimeLogger - Raw time per run (mSec):  .28
2023-01-28 01:59:19 INFO  TimeLogger - Normalized time per run (n^2):  4.48
2023-01-28 01:59:19 INFO  Benchmark_Timer - Begin run: ThreeSumQuadrithmic with 100 runs
2023-01-28 01:59:19 INFO  TimeLogger - Raw time per run (mSec):  .48
2023-01-28 01:59:19 INFO  TimeLogger - Normalized time per run (n^2 log n):  .96
2023-01-28 01:59:19 INFO  Benchmark_Timer - Begin run: ThreeSumCubic with 100 runs
2023-01-28 01:59:20 INFO  TimeLogger - Raw time per run (mSec):  2.79
2023-01-28 01:59:20 INFO  TimeLogger - Normalized time per run (n^3):  .18
2023-01-28 01:59:20 INFO  Benchmark_Timer - Begin run: ThreeSumQuadratic with 50 runs
2023-01-28 01:59:20 INFO  TimeLogger - Raw time per run (mSec):  .58
2023-01-28 01:59:20 INFO  TimeLogger - Normalized time per run (n^2):  2.32
2023-01-28 01:59:20 INFO  Benchmark_Timer - Begin run: ThreeSumQuadrithmic with 50 runs
2023-01-28 01:59:20 INFO  TimeLogger - Raw time per run (mSec):  1.94
2023-01-28 01:59:20 INFO  TimeLogger - Normalized time per run (n^2 log n):  .87
2023-01-28 01:59:20 INFO  Benchmark_Timer - Begin run: ThreeSumCubic with 50 runs
2023-01-28 01:59:23 INFO  TimeLogger - Raw time per run (mSec):  21.64
2023-01-28 01:59:23 INFO  TimeLogger - Normalized time per run (n^3):  .17
2023-01-28 01:59:23 INFO  Benchmark_Timer - Begin run: ThreeSumQuadratic with 20 runs
2023-01-28 01:59:23 INFO  TimeLogger - Raw time per run (mSec):  2.35
2023-01-28 01:59:23 INFO  TimeLogger - Normalized time per run (n^2):  2.35
2023-01-28 01:59:23 INFO  Benchmark_Timer - Begin run: ThreeSumQuadrithmic with 20 runs
2023-01-28 01:59:23 INFO  TimeLogger - Raw time per run (mSec):  10.70
2023-01-28 01:59:23 INFO  TimeLogger - Normalized time per run (n^2 log n):  1.07
2023-01-28 01:59:23 INFO  Benchmark_Timer - Begin run: ThreeSumCubic with 20 runs
2023-01-28 01:59:30 INFO  TimeLogger - Raw time per run (mSec):  170.35
2023-01-28 01:59:30 INFO  TimeLogger - Normalized time per run (n^3):  .17
2023-01-28 01:59:30 INFO  Benchmark_Timer - Begin run: ThreeSumQuadratic with 10 runs
2023-01-28 01:59:31 INFO  TimeLogger - Raw time per run (mSec):  16.20
2023-01-28 01:59:31 INFO  TimeLogger - Normalized time per run (n^2):  4.05
2023-01-28 01:59:31 INFO  Benchmark_Timer - Begin run: ThreeSumQuadrithmic with 10 runs
2023-01-28 01:59:32 INFO  TimeLogger - Raw time per run (mSec):  57.20
2023-01-28 01:59:32 INFO  TimeLogger - Normalized time per run (n^2 log n):  1.30
2023-01-28 01:59:32 INFO  Benchmark_Timer - Begin run: ThreeSumCubic with 10 runs
2023-01-28 02:00:02 INFO  TimeLogger - Raw time per run (mSec):  1347.60
2023-01-28 02:00:02 INFO  TimeLogger - Normalized time per run (n^3):  .17
2023-01-28 02:00:02 INFO  Benchmark_Timer - Begin run: ThreeSumQuadratic with 5 runs
2023-01-28 02:00:03 INFO  TimeLogger - Raw time per run (mSec):  69.60
2023-01-28 02:00:03 INFO  TimeLogger - Normalized time per run (n^2):  4.35
2023-01-28 02:00:03 INFO  Benchmark_Timer - Begin run: ThreeSumQuadrithmic with 5 runs
2023-01-28 02:00:07 INFO  TimeLogger - Raw time per run (mSec):  335.20
2023-01-28 02:00:07 INFO  TimeLogger - Normalized time per run (n^2 log n):  1.75
2023-01-28 02:00:07 INFO  Benchmark_Timer - Begin run: ThreeSumCubic with 5 runs
2023-01-28 02:43:53 INFO  TimeLogger - Raw time per run (mSec):  10935.40
2023-01-28 02:43:53 INFO  TimeLogger - Normalized time per run (n^3):  .17
2023-01-28 02:43:53 INFO  Benchmark_Timer - Begin run: ThreeSumQuadratic with 3 runs
2023-01-28 02:43:56 INFO  TimeLogger - Raw time per run (mSec):  308.33
2023-01-28 02:43:56 INFO  TimeLogger - Normalized time per run (n^2):  4.82
2023-01-28 02:43:56 INFO  Benchmark_Timer - Begin run: ThreeSumQuadrithmic with 3 runs
2023-01-28 03:16:17 INFO  TimeLogger - Raw time per run (mSec):  1600.00
2023-01-28 03:16:17 INFO  TimeLogger - Normalized time per run (n^2 log n):  1.93
2023-01-28 03:16:17 INFO  Benchmark_Timer - Begin run: ThreeSumQuadratic with 2 runs
2023-01-28 03:50:23 INFO  TimeLogger - Raw time per run (mSec):  1943.00
2023-01-28 03:50:23 INFO  TimeLogger - Normalized time per run (n^2):  7.59
2023-01-28 03:50:23 INFO  Benchmark_Timer - Begin run: ThreeSumQuadrithmic with 2 runs
2023-01-28 05:35:48 INFO  TimeLogger - Raw time per run (mSec):  6180.00
2023-01-28 05:35:48 INFO  TimeLogger - Normalized time per run (n^2 log n):  1.73
2023-01-28 10:13:30 INFO  Benchmark_Timer - Begin run: ThreeSumQuadratic with 100 runs
2023-01-28 10:13:30 INFO  TimeLogger - Raw time per run (mSec):  .30
2023-01-28 10:13:30 INFO  TimeLogger - Normalized time per run (n^2):  4.80
2023-01-28 10:13:30 INFO  Benchmark_Timer - Begin run: ThreeSumQuadrithmic with 100 runs
2023-01-28 10:13:31 INFO  TimeLogger - Raw time per run (mSec):  .51
2023-01-28 10:13:31 INFO  TimeLogger - Normalized time per run (n^2 log n):  1.02
2023-01-28 10:13:31 INFO  Benchmark_Timer - Begin run: ThreeSumCubic with 100 runs
2023-01-28 10:13:31 INFO  TimeLogger - Raw time per run (mSec):  2.80
2023-01-28 10:13:31 INFO  TimeLogger - Normalized time per run (n^3):  .18
2023-01-28 10:13:31 INFO  Benchmark_Timer - Begin run: ThreeSumQuadratic with 50 runs
2023-01-28 10:13:31 INFO  TimeLogger - Raw time per run (mSec):  .56
2023-01-28 10:13:31 INFO  TimeLogger - Normalized time per run (n^2):  2.24
2023-01-28 10:13:31 INFO  Benchmark_Timer - Begin run: ThreeSumQuadrithmic with 50 runs
2023-01-28 10:13:32 INFO  TimeLogger - Raw time per run (mSec):  1.96
2023-01-28 10:13:32 INFO  TimeLogger - Normalized time per run (n^2 log n):  .87
2023-01-28 10:13:32 INFO  Benchmark_Timer - Begin run: ThreeSumCubic with 50 runs
2023-01-28 10:13:34 INFO  TimeLogger - Raw time per run (mSec):  21.50
2023-01-28 10:13:34 INFO  TimeLogger - Normalized time per run (n^3):  .17
2023-01-28 10:13:34 INFO  Benchmark_Timer - Begin run: ThreeSumQuadratic with 20 runs
2023-01-28 10:13:34 INFO  TimeLogger - Raw time per run (mSec):  2.20
2023-01-28 10:13:34 INFO  TimeLogger - Normalized time per run (n^2):  2.20
2023-01-28 10:13:34 INFO  Benchmark_Timer - Begin run: ThreeSumQuadrithmic with 20 runs
2023-01-28 10:13:34 INFO  TimeLogger - Raw time per run (mSec):  10.60
2023-01-28 10:13:34 INFO  TimeLogger - Normalized time per run (n^2 log n):  1.06
2023-01-28 10:13:34 INFO  Benchmark_Timer - Begin run: ThreeSumCubic with 20 runs
2023-01-28 10:13:42 INFO  TimeLogger - Raw time per run (mSec):  171.15
2023-01-28 10:13:42 INFO  TimeLogger - Normalized time per run (n^3):  .17
2023-01-28 10:13:42 INFO  Benchmark_Timer - Begin run: ThreeSumQuadratic with 10 runs
2023-01-28 10:13:42 INFO  TimeLogger - Raw time per run (mSec):  15.80
2023-01-28 10:13:42 INFO  TimeLogger - Normalized time per run (n^2):  3.95
2023-01-28 10:13:42 INFO  Benchmark_Timer - Begin run: ThreeSumQuadrithmic with 10 runs
2023-01-28 10:13:43 INFO  TimeLogger - Raw time per run (mSec):  55.40
2023-01-28 10:13:43 INFO  TimeLogger - Normalized time per run (n^2 log n):  1.26
2023-01-28 10:13:43 INFO  Benchmark_Timer - Begin run: ThreeSumCubic with 10 runs
2023-01-28 10:14:13 INFO  TimeLogger - Raw time per run (mSec):  1344.60
2023-01-28 10:14:13 INFO  TimeLogger - Normalized time per run (n^3):  .17
2023-01-28 10:14:13 INFO  Benchmark_Timer - Begin run: ThreeSumQuadratic with 5 runs
2023-01-28 10:14:14 INFO  TimeLogger - Raw time per run (mSec):  77.00
2023-01-28 10:14:14 INFO  TimeLogger - Normalized time per run (n^2):  4.81
2023-01-28 10:14:14 INFO  Benchmark_Timer - Begin run: ThreeSumQuadrithmic with 5 runs
2023-01-28 10:14:17 INFO  TimeLogger - Raw time per run (mSec):  278.80
2023-01-28 10:14:17 INFO  TimeLogger - Normalized time per run (n^2 log n):  1.46
2023-01-28 10:14:17 INFO  Benchmark_Timer - Begin run: ThreeSumCubic with 5 runs
2023-01-28 10:16:28 INFO  TimeLogger - Raw time per run (mSec):  10861.00
2023-01-28 10:16:28 INFO  TimeLogger - Normalized time per run (n^3):  .17
2023-01-28 10:16:28 INFO  Benchmark_Timer - Begin run: ThreeSumQuadratic with 3 runs
2023-01-28 10:16:31 INFO  TimeLogger - Raw time per run (mSec):  381.67
2023-01-28 10:16:31 INFO  TimeLogger - Normalized time per run (n^2):  5.96
2023-01-28 10:16:31 INFO  Benchmark_Timer - Begin run: ThreeSumQuadrithmic with 3 runs
2023-01-28 10:16:42 INFO  TimeLogger - Raw time per run (mSec):  1376.33
2023-01-28 10:16:42 INFO  TimeLogger - Normalized time per run (n^2 log n):  1.66
2023-01-28 10:16:42 INFO  Benchmark_Timer - Begin run: ThreeSumQuadratic with 2 runs
2023-01-28 10:16:52 INFO  TimeLogger - Raw time per run (mSec):  1839.50
2023-01-28 10:16:52 INFO  TimeLogger - Normalized time per run (n^2):  7.19
2023-01-28 10:16:52 INFO  Benchmark_Timer - Begin run: ThreeSumQuadrithmic with 2 runs
2023-01-28 10:17:27 INFO  TimeLogger - Raw time per run (mSec):  5770.00
2023-01-28 10:17:27 INFO  TimeLogger - Normalized time per run (n^2 log n):  1.61
2023-01-28 10:29:15 INFO  Benchmark_Timer - Begin run: ThreeSumQuadratic with 100 runs
2023-01-28 10:29:15 INFO  TimeLogger - Raw time per run (mSec):  .73
2023-01-28 10:29:15 INFO  TimeLogger - Normalized time per run (n^2):  2.92
2023-01-28 10:29:15 INFO  Benchmark_Timer - Begin run: ThreeSumQuadrithmic with 100 runs
2023-01-28 10:29:15 INFO  TimeLogger - Raw time per run (mSec):  1.96
2023-01-28 10:29:15 INFO  TimeLogger - Normalized time per run (n^2 log n):  .87
2023-01-28 10:29:15 INFO  Benchmark_Timer - Begin run: ThreeSumCubic with 100 runs
2023-01-28 10:29:20 INFO  TimeLogger - Raw time per run (mSec):  21.54
2023-01-28 10:29:20 INFO  TimeLogger - Normalized time per run (n^3):  .17
2023-01-28 10:29:20 INFO  Benchmark_Timer - Begin run: ThreeSumQuadratic with 50 runs
2023-01-28 10:29:20 INFO  TimeLogger - Raw time per run (mSec):  2.16
2023-01-28 10:29:20 INFO  TimeLogger - Normalized time per run (n^2):  2.16
2023-01-28 10:29:20 INFO  Benchmark_Timer - Begin run: ThreeSumQuadrithmic with 50 runs
2023-01-28 10:29:22 INFO  TimeLogger - Raw time per run (mSec):  10.50
2023-01-28 10:29:22 INFO  TimeLogger - Normalized time per run (n^2 log n):  1.05
2023-01-28 10:29:22 INFO  Benchmark_Timer - Begin run: ThreeSumCubic with 50 runs
2023-01-28 10:29:39 INFO  TimeLogger - Raw time per run (mSec):  169.08
2023-01-28 10:29:39 INFO  TimeLogger - Normalized time per run (n^3):  .17
2023-01-28 10:29:39 INFO  Benchmark_Timer - Begin run: ThreeSumQuadratic with 20 runs
2023-01-28 10:29:40 INFO  TimeLogger - Raw time per run (mSec):  14.30
2023-01-28 10:29:40 INFO  TimeLogger - Normalized time per run (n^2):  3.58
2023-01-28 10:29:40 INFO  Benchmark_Timer - Begin run: ThreeSumQuadrithmic with 20 runs
2023-01-28 10:29:42 INFO  TimeLogger - Raw time per run (mSec):  56.35
2023-01-28 10:29:42 INFO  TimeLogger - Normalized time per run (n^2 log n):  1.28
2023-01-28 10:29:42 INFO  Benchmark_Timer - Begin run: ThreeSumCubic with 20 runs
2023-01-28 10:30:39 INFO  TimeLogger - Raw time per run (mSec):  1362.60
2023-01-28 10:30:39 INFO  TimeLogger - Normalized time per run (n^3):  .17
2023-01-28 10:30:39 INFO  Benchmark_Timer - Begin run: ThreeSumQuadratic with 10 runs
2023-01-28 10:30:41 INFO  TimeLogger - Raw time per run (mSec):  77.30
2023-01-28 10:30:41 INFO  TimeLogger - Normalized time per run (n^2):  4.83
2023-01-28 10:30:41 INFO  Benchmark_Timer - Begin run: ThreeSumQuadrithmic with 10 runs
2023-01-28 10:30:48 INFO  TimeLogger - Raw time per run (mSec):  280.00
2023-01-28 10:30:48 INFO  TimeLogger - Normalized time per run (n^2 log n):  1.46
2023-01-28 10:30:48 INFO  Benchmark_Timer - Begin run: ThreeSumCubic with 10 runs
2023-01-28 10:34:45 INFO  TimeLogger - Raw time per run (mSec):  10778.20
2023-01-28 10:34:45 INFO  TimeLogger - Normalized time per run (n^3):  .17
2023-01-28 10:34:45 INFO  Benchmark_Timer - Begin run: ThreeSumQuadratic with 5 runs
2023-01-28 10:34:49 INFO  TimeLogger - Raw time per run (mSec):  339.00
2023-01-28 10:34:49 INFO  TimeLogger - Normalized time per run (n^2):  5.30
2023-01-28 10:34:49 INFO  Benchmark_Timer - Begin run: ThreeSumQuadrithmic with 5 runs
2023-01-28 10:35:05 INFO  TimeLogger - Raw time per run (mSec):  1357.60
2023-01-28 10:35:05 INFO  TimeLogger - Normalized time per run (n^2 log n):  1.64
2023-01-28 10:35:05 INFO  Benchmark_Timer - Begin run: ThreeSumQuadratic with 3 runs
2023-01-28 10:35:21 INFO  TimeLogger - Raw time per run (mSec):  1885.00
2023-01-28 10:35:21 INFO  TimeLogger - Normalized time per run (n^2):  7.36
2023-01-28 10:35:21 INFO  Benchmark_Timer - Begin run: ThreeSumQuadrithmic with 3 runs
2023-01-28 10:36:10 INFO  TimeLogger - Raw time per run (mSec):  6118.33
2023-01-28 10:36:10 INFO  TimeLogger - Normalized time per run (n^2 log n):  1.71
2023-01-28 10:36:10 INFO  Benchmark_Timer - Begin run: ThreeSumQuadratic with 2 runs
2023-01-28 10:37:25 INFO  TimeLogger - Raw time per run (mSec):  12756.50
2023-01-28 10:37:25 INFO  TimeLogger - Normalized time per run (n^2):  12.46
2023-01-28 10:37:25 INFO  Benchmark_Timer - Begin run: ThreeSumQuadrithmic with 2 runs
2023-01-28 10:40:16 INFO  TimeLogger - Raw time per run (mSec):  28565.00
2023-01-28 10:40:16 INFO  TimeLogger - Normalized time per run (n^2 log n):  1.86
2023-01-28 10:59:08 INFO  Benchmark_Timer - Begin run: ThreeSumQuadratic with 100 runs
2023-01-28 10:59:08 INFO  TimeLogger - Raw time per run (mSec):  .18
2023-01-28 10:59:08 INFO  TimeLogger - Normalized time per run (n^2):  4.50
2023-01-28 10:59:08 INFO  Benchmark_Timer - Begin run: ThreeSumQuadrithmic with 100 runs
2023-01-28 10:59:08 INFO  TimeLogger - Raw time per run (mSec):  .28
2023-01-28 10:59:08 INFO  TimeLogger - Normalized time per run (n^2 log n):  .92
2023-01-28 10:59:08 INFO  Benchmark_Timer - Begin run: ThreeSumCubic with 100 runs
2023-01-28 10:59:08 INFO  TimeLogger - Raw time per run (mSec):  1.41
2023-01-28 10:59:08 INFO  TimeLogger - Normalized time per run (n^3):  .18
2023-01-28 10:59:08 INFO  Benchmark_Timer - Begin run: ThreeSumQuadratic with 50 runs
2023-01-28 10:59:08 INFO  TimeLogger - Raw time per run (mSec):  .30
2023-01-28 10:59:08 INFO  TimeLogger - Normalized time per run (n^2):  1.88
2023-01-28 10:59:08 INFO  Benchmark_Timer - Begin run: ThreeSumQuadrithmic with 50 runs
2023-01-28 10:59:09 INFO  TimeLogger - Raw time per run (mSec):  1.04
2023-01-28 10:59:09 INFO  TimeLogger - Normalized time per run (n^2 log n):  .75
2023-01-28 10:59:09 INFO  Benchmark_Timer - Begin run: ThreeSumCubic with 50 runs
2023-01-28 10:59:10 INFO  TimeLogger - Raw time per run (mSec):  10.94
2023-01-28 10:59:10 INFO  TimeLogger - Normalized time per run (n^3):  .17
2023-01-28 10:59:10 INFO  Benchmark_Timer - Begin run: ThreeSumQuadratic with 20 runs
2023-01-28 10:59:10 INFO  TimeLogger - Raw time per run (mSec):  1.05
2023-01-28 10:59:10 INFO  TimeLogger - Normalized time per run (n^2):  1.64
2023-01-28 10:59:10 INFO  Benchmark_Timer - Begin run: ThreeSumQuadrithmic with 20 runs
2023-01-28 10:59:10 INFO  TimeLogger - Raw time per run (mSec):  5.35
2023-01-28 10:59:10 INFO  TimeLogger - Normalized time per run (n^2 log n):  .87
2023-01-28 10:59:10 INFO  Benchmark_Timer - Begin run: ThreeSumCubic with 20 runs
2023-01-28 10:59:14 INFO  TimeLogger - Raw time per run (mSec):  85.65
2023-01-28 10:59:14 INFO  TimeLogger - Normalized time per run (n^3):  .17
2023-01-28 10:59:14 INFO  Benchmark_Timer - Begin run: ThreeSumQuadratic with 10 runs
2023-01-28 10:59:14 INFO  TimeLogger - Raw time per run (mSec):  4.80
2023-01-28 10:59:14 INFO  TimeLogger - Normalized time per run (n^2):  1.88
2023-01-28 10:59:14 INFO  Benchmark_Timer - Begin run: ThreeSumQuadrithmic with 10 runs
2023-01-28 10:59:15 INFO  TimeLogger - Raw time per run (mSec):  29.80
2023-01-28 10:59:15 INFO  TimeLogger - Normalized time per run (n^2 log n):  1.09
2023-01-28 10:59:15 INFO  Benchmark_Timer - Begin run: ThreeSumCubic with 10 runs
2023-01-28 10:59:30 INFO  TimeLogger - Raw time per run (mSec):  683.40
2023-01-28 10:59:30 INFO  TimeLogger - Normalized time per run (n^3):  .17
2023-01-28 10:59:30 INFO  Benchmark_Timer - Begin run: ThreeSumQuadratic with 5 runs
2023-01-28 10:59:30 INFO  TimeLogger - Raw time per run (mSec):  23.20
2023-01-28 10:59:30 INFO  TimeLogger - Normalized time per run (n^2):  2.27
2023-01-28 10:59:30 INFO  Benchmark_Timer - Begin run: ThreeSumQuadrithmic with 5 runs
2023-01-28 10:59:32 INFO  TimeLogger - Raw time per run (mSec):  152.60
2023-01-28 10:59:32 INFO  TimeLogger - Normalized time per run (n^2 log n):  1.28
2023-01-28 10:59:32 INFO  Benchmark_Timer - Begin run: ThreeSumCubic with 5 runs
2023-01-28 11:00:37 INFO  TimeLogger - Raw time per run (mSec):  5470.40
2023-01-28 11:00:37 INFO  TimeLogger - Normalized time per run (n^3):  .17
2023-01-28 11:00:37 INFO  Benchmark_Timer - Begin run: ThreeSumQuadratic with 3 runs
2023-01-28 11:00:39 INFO  TimeLogger - Raw time per run (mSec):  135.67
2023-01-28 11:00:39 INFO  TimeLogger - Normalized time per run (n^2):  3.31
2023-01-28 11:00:39 INFO  Benchmark_Timer - Begin run: ThreeSumQuadrithmic with 3 runs
2023-01-28 11:00:44 INFO  TimeLogger - Raw time per run (mSec):  699.67
2023-01-28 11:00:44 INFO  TimeLogger - Normalized time per run (n^2 log n):  1.35
2023-01-28 11:45:21 INFO  Benchmark_Timer - Begin run: ThreeSumQuadratic with 100 runs
2023-01-28 11:45:21 INFO  TimeLogger - Raw time per run (mSec):  .15
2023-01-28 11:45:21 INFO  TimeLogger - Normalized time per run (n^2):  3.75
2023-01-28 11:45:21 INFO  Benchmark_Timer - Begin run: ThreeSumQuadrithmic with 100 runs
2023-01-28 11:45:21 INFO  TimeLogger - Raw time per run (mSec):  .32
2023-01-28 11:45:21 INFO  TimeLogger - Normalized time per run (n^2 log n):  1.05
2023-01-28 11:45:21 INFO  Benchmark_Timer - Begin run: ThreeSumCubic with 100 runs
2023-01-28 11:45:21 INFO  TimeLogger - Raw time per run (mSec):  1.41
2023-01-28 11:45:21 INFO  TimeLogger - Normalized time per run (n^3):  .18
2023-01-28 11:45:21 INFO  Benchmark_Timer - Begin run: ThreeSumQuadratic with 50 runs
2023-01-28 11:45:21 INFO  TimeLogger - Raw time per run (mSec):  .30
2023-01-28 11:45:21 INFO  TimeLogger - Normalized time per run (n^2):  1.88
2023-01-28 11:45:21 INFO  Benchmark_Timer - Begin run: ThreeSumQuadrithmic with 50 runs
2023-01-28 11:45:21 INFO  TimeLogger - Raw time per run (mSec):  1.08
2023-01-28 11:45:21 INFO  TimeLogger - Normalized time per run (n^2 log n):  .78
2023-01-28 11:45:21 INFO  Benchmark_Timer - Begin run: ThreeSumCubic with 50 runs
2023-01-28 11:45:22 INFO  TimeLogger - Raw time per run (mSec):  11.08
2023-01-28 11:45:22 INFO  TimeLogger - Normalized time per run (n^3):  .17
2023-01-28 11:45:22 INFO  Benchmark_Timer - Begin run: ThreeSumQuadratic with 20 runs
2023-01-28 11:45:23 INFO  TimeLogger - Raw time per run (mSec):  1.00
2023-01-28 11:45:23 INFO  TimeLogger - Normalized time per run (n^2):  1.56
2023-01-28 11:45:23 INFO  Benchmark_Timer - Begin run: ThreeSumQuadrithmic with 20 runs
2023-01-28 11:45:23 INFO  TimeLogger - Raw time per run (mSec):  5.30
2023-01-28 11:45:23 INFO  TimeLogger - Normalized time per run (n^2 log n):  .86
2023-01-28 11:45:23 INFO  Benchmark_Timer - Begin run: ThreeSumCubic with 20 runs
2023-01-28 11:45:26 INFO  TimeLogger - Raw time per run (mSec):  86.50
2023-01-28 11:45:26 INFO  TimeLogger - Normalized time per run (n^3):  .17
2023-01-28 11:45:26 INFO  Benchmark_Timer - Begin run: ThreeSumQuadratic with 10 runs
2023-01-28 11:45:27 INFO  TimeLogger - Raw time per run (mSec):  4.70
2023-01-28 11:45:27 INFO  TimeLogger - Normalized time per run (n^2):  1.84
2023-01-28 11:45:27 INFO  Benchmark_Timer - Begin run: ThreeSumQuadrithmic with 10 runs
2023-01-28 11:45:27 INFO  TimeLogger - Raw time per run (mSec):  30.50
2023-01-28 11:45:27 INFO  TimeLogger - Normalized time per run (n^2 log n):  1.12
2023-01-28 11:45:27 INFO  Benchmark_Timer - Begin run: ThreeSumCubic with 10 runs
2023-01-28 11:45:42 INFO  TimeLogger - Raw time per run (mSec):  684.40
2023-01-28 11:45:42 INFO  TimeLogger - Normalized time per run (n^3):  .17
2023-01-28 11:45:42 INFO  Benchmark_Timer - Begin run: ThreeSumQuadratic with 5 runs
2023-01-28 11:45:43 INFO  TimeLogger - Raw time per run (mSec):  24.20
2023-01-28 11:45:43 INFO  TimeLogger - Normalized time per run (n^2):  2.36
2023-01-28 11:45:43 INFO  Benchmark_Timer - Begin run: ThreeSumQuadrithmic with 5 runs
2023-01-28 11:45:45 INFO  TimeLogger - Raw time per run (mSec):  155.00
2023-01-28 11:45:45 INFO  TimeLogger - Normalized time per run (n^2 log n):  1.30
2023-01-28 11:45:45 INFO  Benchmark_Timer - Begin run: ThreeSumCubic with 5 runs
2023-01-28 11:46:51 INFO  TimeLogger - Raw time per run (mSec):  5502.80
2023-01-28 11:46:51 INFO  TimeLogger - Normalized time per run (n^3):  .17
2023-01-28 11:46:51 INFO  Benchmark_Timer - Begin run: ThreeSumQuadratic with 3 runs
2023-01-28 11:46:52 INFO  TimeLogger - Raw time per run (mSec):  109.67
2023-01-28 11:46:52 INFO  TimeLogger - Normalized time per run (n^2):  2.68
2023-01-28 11:46:52 INFO  Benchmark_Timer - Begin run: ThreeSumQuadrithmic with 3 runs
2023-01-28 11:46:58 INFO  TimeLogger - Raw time per run (mSec):  767.00
2023-01-28 11:46:58 INFO  TimeLogger - Normalized time per run (n^2 log n):  1.48
2023-02-04 22:34:10 INFO  Benchmark_Timer - Begin run: testWaitPeriods with 2 runs
2023-02-04 22:34:24 INFO  Benchmark_Timer - Begin run: Array In Reverse Order with 100 runs
2023-02-04 22:34:24 INFO  Benchmark_Timer - Begin run: Array In Random Order with 100 runs
2023-02-04 22:34:24 INFO  Benchmark_Timer - Begin run: Array In Partial Order with 100 runs
2023-02-04 22:34:24 INFO  Benchmark_Timer - Begin run: Array In Order with 100 runs
2023-02-04 22:34:24 INFO  Benchmark_Timer - Begin run: Array In Reverse Order with 100 runs
2023-02-04 22:34:24 INFO  Benchmark_Timer - Begin run: Array In Random Order with 100 runs
2023-02-04 22:34:24 INFO  Benchmark_Timer - Begin run: Array In Partial Order with 100 runs
2023-02-04 22:34:24 INFO  Benchmark_Timer - Begin run: Array In Order with 100 runs
2023-02-04 22:34:24 INFO  Benchmark_Timer - Begin run: Array In Reverse Order with 100 runs
2023-02-04 22:34:25 INFO  Benchmark_Timer - Begin run: Array In Random Order with 100 runs
2023-02-04 22:34:25 INFO  Benchmark_Timer - Begin run: Array In Partial Order with 100 runs
2023-02-04 22:34:25 INFO  Benchmark_Timer - Begin run: Array In Order with 100 runs
2023-02-04 22:34:25 INFO  Benchmark_Timer - Begin run: Array In Reverse Order with 100 runs
2023-02-04 22:34:27 INFO  Benchmark_Timer - Begin run: Array In Random Order with 100 runs
2023-02-04 22:34:29 INFO  Benchmark_Timer - Begin run: Array In Partial Order with 100 runs
2023-02-04 22:34:30 INFO  Benchmark_Timer - Begin run: Array In Order with 100 runs
2023-02-04 22:34:30 INFO  Benchmark_Timer - Begin run: Array In Reverse Order with 100 runs
2023-02-04 22:34:36 INFO  Benchmark_Timer - Begin run: Array In Random Order with 100 runs
2023-02-04 22:34:42 INFO  Benchmark_Timer - Begin run: Array In Partial Order with 100 runs
2023-02-04 22:34:47 INFO  Benchmark_Timer - Begin run: Array In Order with 100 runs
2023-02-04 22:34:47 INFO  Benchmark_Timer - Begin run: Array In Reverse Order with 100 runs
2023-02-04 22:35:12 INFO  Benchmark_Timer - Begin run: Array In Random Order with 100 runs
